<?xml version="1.0" encoding="UTF-8"?>
<testsuite name="shuanglang.fundingcircle.codingchallenge.PrimeNumberProductTableGeneratorTest" tests="1" skipped="0" failures="0" errors="0" timestamp="2016-04-03T21:03:28" hostname="ShuangLangs-MacBook-Pro.local" time="0.001">
  <properties/>
  <testcase name="testFirstNPrimesWithInvalidInput" classname="shuanglang.fundingcircle.codingchallenge.PrimeNumberProductTableGeneratorTest" time="0.001"/>
  <system-out><![CDATA[]]></system-out>
  <system-err><![CDATA[]]></system-err>
</testsuite>
